<?xml version="1.0" encoding="UTF-8"?>
<!-- Generated by org.testng.reporters.JUnitReportReporter -->
<testsuite hostname="DESKTOP-JMKL1AI" failures="0" tests="1" name="testcases.bewakoofsitetesting2" time="47.650" errors="0" timestamp="2021-05-23T22:17:56 IST" skipped="0">
  <testcase classname="testcases.bewakoofsitetesting2" name="DefaultTest" time="47.650"/>
  <system-out/>
</testsuite> <!-- testcases.bewakoofsitetesting2 -->
