<?xml version="1.0" encoding="UTF-8"?>
<!-- Generated by org.testng.reporters.JUnitReportReporter -->
<testsuite hostname="DESKTOP-JMKL1AI" failures="0" tests="2" name="testcases.bewakoofsitetesting" time="65.852" errors="0" timestamp="2021-05-23T16:58:12 IST" skipped="0">
  <testcase classname="testcases.bewakoofsitetesting" name="DefaultTest" time="49.976"/>
  <system-out/>
  <testcase classname="testcases.bewakoofsitetesting" name="DefaultTest1" time="15.876"/>
  <system-out/>
</testsuite> <!-- testcases.bewakoofsitetesting -->
